# JRE version: OpenJDK Runtime Environment (17.0.9+11) (build 17.0.9+11-LTS)
# Java VM: OpenJDK 64-Bit Server VM (17.0.9+11-LTS, mixed mode, sharing, tiered, compressed oops, compressed class ptrs, g1 gc, windows-amd64)
GC Precious Log:
 CPUs: 8 total, 8 available
 Memory: 10123M
 Large Page Support: Disabled
 NUMA Support: Disabled
 Compressed Oops: Enabled (Zero based)
 Heap Region Size: 2M
 Heap Min Capacity: 8M
 Heap Initial Capacity: 160M
 Heap Max Capacity: 2532M
 Pre-touch: Disabled
 Parallel Workers: 8
 Concurrent Workers: 2
 Concurrent Refinement Workers: 8
 Periodic GC: Disabled
Heap:
 garbage-first heap   total 165888K, used 107042K [0x0000000761c00000, 0x0000000800000000)
  region size 2048K, 12 young (24576K), 3 survivors (6144K)
 Metaspace       used 44501K, committed 44736K, reserved 1114112K
  class space    used 6173K, committed 6272K, reserved 1048576K
GC Heap History (20 events):
Event: 10.205 GC heap before
{Heap before GC invocations=4 (full 0):
 garbage-first heap   total 102400K, used 64280K [0x0000000761c00000, 0x0000000800000000)
  region size 2048K, 23 young (47104K), 2 survivors (4096K)
 Metaspace       used 28435K, committed 28672K, reserved 1114112K
  class space    used 3285K, committed 3456K, reserved 1048576K
}
Event: 10.214 GC heap after
{Heap after GC invocations=5 (full 0):
 garbage-first heap   total 102400K, used 32179K [0x0000000761c00000, 0x0000000800000000)
  region size 2048K, 4 young (8192K), 4 survivors (8192K)
 Metaspace       used 28435K, committed 28672K, reserved 1114112K
  class space    used 3285K, committed 3456K, reserved 1048576K
}
Event: 13.124 GC heap before
{Heap before GC invocations=5 (full 0):
 garbage-first heap   total 102400K, used 54707K [0x0000000761c00000, 0x0000000800000000)
  region size 2048K, 16 young (32768K), 4 survivors (8192K)
 Metaspace       used 30722K, committed 30976K, reserved 1114112K
  class space    used 3758K, committed 3904K, reserved 1048576K
}
Event: 13.134 GC heap after
{Heap after GC invocations=6 (full 0):
 garbage-first heap   total 102400K, used 38260K [0x0000000761c00000, 0x0000000800000000)
  region size 2048K, 2 young (4096K), 2 survivors (4096K)
 Metaspace       used 30722K, committed 30976K, reserved 1114112K
  class space    used 3758K, committed 3904K, reserved 1048576K
}
Event: 16.822 GC heap before
{Heap before GC invocations=6 (full 0):
 garbage-first heap   total 102400K, used 60788K [0x0000000761c00000, 0x0000000800000000)
  region size 2048K, 14 young (28672K), 2 survivors (4096K)
 Metaspace       used 33853K, committed 34176K, reserved 1114112K
  class space    used 4377K, committed 4544K, reserved 1048576K
}
Event: 16.829 GC heap after
{Heap after GC invocations=7 (full 0):
 garbage-first heap   total 102400K, used 43562K [0x0000000761c00000, 0x0000000800000000)
  region size 2048K, 2 young (4096K), 2 survivors (4096K)
 Metaspace       used 33853K, committed 34176K, reserved 1114112K
  class space    used 4377K, committed 4544K, reserved 1048576K
}
Event: 18.218 GC heap before
{Heap before GC invocations=7 (full 0):
 garbage-first heap   total 102400K, used 55850K [0x0000000761c00000, 0x0000000800000000)
  region size 2048K, 9 young (18432K), 2 survivors (4096K)
 Metaspace       used 35725K, committed 35968K, reserved 1114112K
  class space    used 4830K, committed 4992K, reserved 1048576K
}
Event: 18.224 GC heap after
{Heap after GC invocations=8 (full 0):
 garbage-first heap   total 102400K, used 47450K [0x0000000761c00000, 0x0000000800000000)
  region size 2048K, 2 young (4096K), 2 survivors (4096K)
 Metaspace       used 35725K, committed 35968K, reserved 1114112K
  class space    used 4830K, committed 4992K, reserved 1048576K
}
Event: 19.312 GC heap before
{Heap before GC invocations=9 (full 0):
 garbage-first heap   total 102400K, used 65882K [0x0000000761c00000, 0x0000000800000000)
  region size 2048K, 12 young (24576K), 2 survivors (4096K)
 Metaspace       used 39501K, committed 39680K, reserved 1114112K
  class space    used 5295K, committed 5376K, reserved 1048576K
}
Event: 19.318 GC heap after
{Heap after GC invocations=10 (full 0):
 garbage-first heap   total 102400K, used 51772K [0x0000000761c00000, 0x0000000800000000)
  region size 2048K, 2 young (4096K), 2 survivors (4096K)
 Metaspace       used 39501K, committed 39680K, reserved 1114112K
  class space    used 5295K, committed 5376K, reserved 1048576K
}
Event: 19.706 GC heap before
{Heap before GC invocations=11 (full 0):
 garbage-first heap   total 102400K, used 70204K [0x0000000761c00000, 0x0000000800000000)
  region size 2048K, 12 young (24576K), 2 survivors (4096K)
 Metaspace       used 40335K, committed 40576K, reserved 1114112K
  class space    used 5504K, committed 5632K, reserved 1048576K
}
Event: 19.712 GC heap after
{Heap after GC invocations=12 (full 0):
 garbage-first heap   total 102400K, used 59165K [0x0000000761c00000, 0x0000000800000000)
  region size 2048K, 2 young (4096K), 2 survivors (4096K)
 Metaspace       used 40335K, committed 40576K, reserved 1114112K
  class space    used 5504K, committed 5632K, reserved 1048576K
}
Event: 19.777 GC heap before
{Heap before GC invocations=12 (full 0):
 garbage-first heap   total 102400K, used 61213K [0x0000000761c00000, 0x0000000800000000)
  region size 2048K, 4 young (8192K), 2 survivors (4096K)
 Metaspace       used 40482K, committed 40704K, reserved 1114112K
  class space    used 5548K, committed 5632K, reserved 1048576K
}
Event: 19.783 GC heap after
{Heap after GC invocations=13 (full 0):
 garbage-first heap   total 102400K, used 61116K [0x0000000761c00000, 0x0000000800000000)
  region size 2048K, 1 young (2048K), 1 survivors (2048K)
 Metaspace       used 40482K, committed 40704K, reserved 1114112K
  class space    used 5548K, committed 5632K, reserved 1048576K
}
Event: 19.924 GC heap before
{Heap before GC invocations=14 (full 0):
 garbage-first heap   total 137216K, used 83644K [0x0000000761c00000, 0x0000000800000000)
  region size 2048K, 8 young (16384K), 1 survivors (2048K)
 Metaspace       used 40721K, committed 40960K, reserved 1114112K
  class space    used 5607K, committed 5696K, reserved 1048576K
}
Event: 19.928 GC heap after
{Heap after GC invocations=15 (full 0):
 garbage-first heap   total 137216K, used 72910K [0x0000000761c00000, 0x0000000800000000)
  region size 2048K, 1 young (2048K), 1 survivors (2048K)
 Metaspace       used 40721K, committed 40960K, reserved 1114112K
  class space    used 5607K, committed 5696K, reserved 1048576K
}
Event: 20.271 GC heap before
{Heap before GC invocations=15 (full 0):
 garbage-first heap   total 137216K, used 99534K [0x0000000761c00000, 0x0000000800000000)
  region size 2048K, 14 young (28672K), 1 survivors (2048K)
 Metaspace       used 41345K, committed 41600K, reserved 1114112K
  class space    used 5797K, committed 5888K, reserved 1048576K
}
Event: 20.276 GC heap after
{Heap after GC invocations=16 (full 0):
 garbage-first heap   total 165888K, used 81233K [0x0000000761c00000, 0x0000000800000000)
  region size 2048K, 2 young (4096K), 2 survivors (4096K)
 Metaspace       used 41345K, committed 41600K, reserved 1114112K
  class space    used 5797K, committed 5888K, reserved 1048576K
}
Event: 20.717 GC heap before
{Heap before GC invocations=17 (full 0):
 garbage-first heap   total 165888K, used 93521K [0x0000000761c00000, 0x0000000800000000)
  region size 2048K, 10 young (20480K), 2 survivors (4096K)
 Metaspace       used 42456K, committed 42688K, reserved 1114112K
  class space    used 5944K, committed 6080K, reserved 1048576K
}
Event: 20.721 GC heap after
{Heap after GC invocations=18 (full 0):
 garbage-first heap   total 165888K, used 86562K [0x0000000761c00000, 0x0000000800000000)
  region size 2048K, 3 young (6144K), 3 survivors (6144K)
 Metaspace       used 42456K, committed 42688K, reserved 1114112K
  class space    used 5944K, committed 6080K, reserved 1048576K
}

