# JRE version: OpenJDK Runtime Environment (17.0.9+11) (build 17.0.9+11-LTS)
# Java VM: OpenJDK 64-Bit Server VM (17.0.9+11-LTS, mixed mode, sharing, tiered, compressed oops, compressed class ptrs, g1 gc, windows-amd64)
GC Precious Log:
 CPUs: 8 total, 8 available
 Memory: 10123M
 Large Page Support: Disabled
 NUMA Support: Disabled
 Compressed Oops: Enabled (Zero based)
 Heap Region Size: 2M
 Heap Min Capacity: 8M
 Heap Initial Capacity: 160M
 Heap Max Capacity: 2532M
 Pre-touch: Disabled
 Parallel Workers: 8
 Concurrent Workers: 2
 Concurrent Refinement Workers: 8
 Periodic GC: Disabled
Heap:
 garbage-first heap   total 172032K, used 99632K [0x0000000761c00000, 0x0000000800000000)
  region size 2048K, 7 young (14336K), 1 survivors (2048K)
 Metaspace       used 44191K, committed 44480K, reserved 1114112K
  class space    used 6152K, committed 6272K, reserved 1048576K
GC Heap History (20 events):
Event: 9.901 GC heap before
{Heap before GC invocations=4 (full 0):
 garbage-first heap   total 102400K, used 63841K [0x0000000761c00000, 0x0000000800000000)
  region size 2048K, 23 young (47104K), 2 survivors (4096K)
 Metaspace       used 28357K, committed 28608K, reserved 1114112K
  class space    used 3273K, committed 3392K, reserved 1048576K
}
Event: 9.911 GC heap after
{Heap after GC invocations=5 (full 0):
 garbage-first heap   total 102400K, used 31740K [0x0000000761c00000, 0x0000000800000000)
  region size 2048K, 4 young (8192K), 4 survivors (8192K)
 Metaspace       used 28357K, committed 28608K, reserved 1114112K
  class space    used 3273K, committed 3392K, reserved 1048576K
}
Event: 9.960 GC heap before
{Heap before GC invocations=5 (full 0):
 garbage-first heap   total 102400K, used 33788K [0x0000000761c00000, 0x0000000800000000)
  region size 2048K, 5 young (10240K), 4 survivors (8192K)
 Metaspace       used 28428K, committed 28736K, reserved 1114112K
  class space    used 3290K, committed 3456K, reserved 1048576K
}
Event: 9.968 GC heap after
{Heap after GC invocations=6 (full 0):
 garbage-first heap   total 102400K, used 33394K [0x0000000761c00000, 0x0000000800000000)
  region size 2048K, 1 young (2048K), 1 survivors (2048K)
 Metaspace       used 28428K, committed 28736K, reserved 1114112K
  class space    used 3290K, committed 3456K, reserved 1048576K
}
Event: 13.261 GC heap before
{Heap before GC invocations=6 (full 0):
 garbage-first heap   total 102400K, used 55922K [0x0000000761c00000, 0x0000000800000000)
  region size 2048K, 13 young (26624K), 1 survivors (2048K)
 Metaspace       used 30993K, committed 31232K, reserved 1114112K
  class space    used 3871K, committed 4032K, reserved 1048576K
}
Event: 13.268 GC heap after
{Heap after GC invocations=7 (full 0):
 garbage-first heap   total 102400K, used 38838K [0x0000000761c00000, 0x0000000800000000)
  region size 2048K, 2 young (4096K), 2 survivors (4096K)
 Metaspace       used 30993K, committed 31232K, reserved 1114112K
  class space    used 3871K, committed 4032K, reserved 1048576K
}
Event: 17.428 GC heap before
{Heap before GC invocations=7 (full 0):
 garbage-first heap   total 102400K, used 61366K [0x0000000761c00000, 0x0000000800000000)
  region size 2048K, 14 young (28672K), 2 survivors (4096K)
 Metaspace       used 34210K, committed 34432K, reserved 1114112K
  class space    used 4498K, committed 4608K, reserved 1048576K
}
Event: 17.434 GC heap after
{Heap after GC invocations=8 (full 0):
 garbage-first heap   total 102400K, used 43656K [0x0000000761c00000, 0x0000000800000000)
  region size 2048K, 2 young (4096K), 2 survivors (4096K)
 Metaspace       used 34210K, committed 34432K, reserved 1114112K
  class space    used 4498K, committed 4608K, reserved 1048576K
}
Event: 18.982 GC heap before
{Heap before GC invocations=8 (full 0):
 garbage-first heap   total 102400K, used 53896K [0x0000000761c00000, 0x0000000800000000)
  region size 2048K, 8 young (16384K), 2 survivors (4096K)
 Metaspace       used 35708K, committed 35968K, reserved 1114112K
  class space    used 4832K, committed 4992K, reserved 1048576K
}
Event: 18.987 GC heap after
{Heap after GC invocations=9 (full 0):
 garbage-first heap   total 102400K, used 46824K [0x0000000761c00000, 0x0000000800000000)
  region size 2048K, 2 young (4096K), 2 survivors (4096K)
 Metaspace       used 35708K, committed 35968K, reserved 1114112K
  class space    used 4832K, committed 4992K, reserved 1048576K
}
Event: 20.570 GC heap before
{Heap before GC invocations=10 (full 0):
 garbage-first heap   total 102400K, used 69352K [0x0000000761c00000, 0x0000000800000000)
  region size 2048K, 13 young (26624K), 2 survivors (4096K)
 Metaspace       used 39481K, committed 39744K, reserved 1114112K
  class space    used 5300K, committed 5440K, reserved 1048576K
}
Event: 20.576 GC heap after
{Heap after GC invocations=11 (full 0):
 garbage-first heap   total 102400K, used 51100K [0x0000000761c00000, 0x0000000800000000)
  region size 2048K, 2 young (4096K), 2 survivors (4096K)
 Metaspace       used 39481K, committed 39744K, reserved 1114112K
  class space    used 5300K, committed 5440K, reserved 1048576K
}
Event: 20.677 GC heap before
{Heap before GC invocations=11 (full 0):
 garbage-first heap   total 102400K, used 53148K [0x0000000761c00000, 0x0000000800000000)
  region size 2048K, 3 young (6144K), 2 survivors (4096K)
 Metaspace       used 39551K, committed 39808K, reserved 1114112K
  class space    used 5315K, committed 5440K, reserved 1048576K
}
Event: 20.682 GC heap after
{Heap after GC invocations=12 (full 0):
 garbage-first heap   total 102400K, used 51417K [0x0000000761c00000, 0x0000000800000000)
  region size 2048K, 1 young (2048K), 1 survivors (2048K)
 Metaspace       used 39551K, committed 39808K, reserved 1114112K
  class space    used 5315K, committed 5440K, reserved 1048576K
}
Event: 21.870 GC heap before
{Heap before GC invocations=12 (full 0):
 garbage-first heap   total 102400K, used 69849K [0x0000000761c00000, 0x0000000800000000)
  region size 2048K, 11 young (22528K), 1 survivors (2048K)
 Metaspace       used 40386K, committed 40640K, reserved 1114112K
  class space    used 5537K, committed 5632K, reserved 1048576K
}
Event: 21.876 GC heap after
{Heap after GC invocations=13 (full 0):
 garbage-first heap   total 172032K, used 58881K [0x0000000761c00000, 0x0000000800000000)
  region size 2048K, 2 young (4096K), 2 survivors (4096K)
 Metaspace       used 40386K, committed 40640K, reserved 1114112K
  class space    used 5537K, committed 5632K, reserved 1048576K
}
Event: 23.666 GC heap before
{Heap before GC invocations=13 (full 0):
 garbage-first heap   total 172032K, used 122369K [0x0000000761c00000, 0x0000000800000000)
  region size 2048K, 29 young (59392K), 2 survivors (4096K)
 Metaspace       used 41867K, committed 42048K, reserved 1114112K
  class space    used 5878K, committed 5952K, reserved 1048576K
}
Event: 23.673 GC heap after
{Heap after GC invocations=14 (full 0):
 garbage-first heap   total 172032K, used 83245K [0x0000000761c00000, 0x0000000800000000)
  region size 2048K, 4 young (8192K), 4 survivors (8192K)
 Metaspace       used 41867K, committed 42048K, reserved 1114112K
  class space    used 5878K, committed 5952K, reserved 1048576K
}
Event: 23.823 GC heap before
{Heap before GC invocations=14 (full 0):
 garbage-first heap   total 172032K, used 85293K [0x0000000761c00000, 0x0000000800000000)
  region size 2048K, 6 young (12288K), 4 survivors (8192K)
 Metaspace       used 42371K, committed 42560K, reserved 1114112K
  class space    used 5932K, committed 6016K, reserved 1048576K
}
Event: 23.826 GC heap after
{Heap after GC invocations=15 (full 0):
 garbage-first heap   total 172032K, used 85296K [0x0000000761c00000, 0x0000000800000000)
  region size 2048K, 1 young (2048K), 1 survivors (2048K)
 Metaspace       used 42371K, committed 42560K, reserved 1114112K
  class space    used 5932K, committed 6016K, reserved 1048576K
}

